  Monopoly.cpp
d:\my file\github\monopoly\monopoly\monopoly\monopoly.cpp(6): warning C4267: '正在初始化': 將 'size_t' 轉換為 'int'，資料可能遺失
d:\my file\github\monopoly\monopoly\monopoly\monopoly.cpp(11): warning C4267: '引數': 將 'size_t' 轉換為 'int'，資料可能遺失
d:\my file\github\monopoly\monopoly\monopoly\monopoly.cpp(408): warning C4267: '=': 將 'size_t' 轉換為 'int'，資料可能遺失
d:\my file\github\monopoly\monopoly\monopoly\monopoly.cpp(541): warning C4244: '引數': 將 'time_t' 轉換為 'unsigned int'，由於類型不同，可能導致資料遺失
d:\my file\github\monopoly\monopoly\monopoly\monopoly.cpp(676): warning C4996: 'ctime': This function or variable may be unsafe. Consider using ctime_s instead. To disable deprecation, use _CRT_SECURE_NO_WARNINGS. See online help for details.
  c:\program files (x86)\windows kits\10\include\10.0.17134.0\ucrt\time.h(476): note: 請參閱 'ctime' 的宣告
d:\my file\github\monopoly\monopoly\monopoly\monopoly.cpp(810): warning C4267: '=': 將 'size_t' 轉換為 'int'，資料可能遺失
d:\my file\github\monopoly\monopoly\monopoly\monopoly.cpp(1184): warning C4267: '=': 將 'size_t' 轉換為 'int'，資料可能遺失
d:\my file\github\monopoly\monopoly\monopoly\monopoly.cpp(1215): warning C4267: '正在初始化': 將 'size_t' 轉換為 'int'，資料可能遺失
d:\my file\github\monopoly\monopoly\monopoly\monopoly.cpp(1551): warning C4244: '引數': 將 'time_t' 轉換為 'unsigned int'，由於類型不同，可能導致資料遺失
d:\my file\github\monopoly\monopoly\monopoly\monopoly.cpp(1556): warning C4244: '*=': 將 'double' 轉換為 '_Ty'，由於類型不同，可能導致資料遺失
          with
          [
              _Ty=int
          ]
d:\my file\github\monopoly\monopoly\monopoly\monopoly.cpp(1560): warning C4244: '*=': 將 'double' 轉換為 '_Ty'，由於類型不同，可能導致資料遺失
          with
          [
              _Ty=int
          ]
d:\my file\github\monopoly\monopoly\monopoly\monopoly.cpp(870): warning C4715: 'Monopoly::useItem': 不是所有控制路徑都傳回值
d:\my file\github\monopoly\monopoly\monopoly\monopoly.cpp(1036): warning C4715: 'Monopoly::loadBlock': 不是所有控制路徑都傳回值
d:\my file\github\monopoly\monopoly\monopoly\monopoly.cpp(1094): warning C4715: 'Monopoly::destroyBlock': 不是所有控制路徑都傳回值
d:\my file\github\monopoly\monopoly\monopoly\monopoly.cpp(1152): warning C4715: 'Monopoly::bomb': 不是所有控制路徑都傳回值
  Monopoly.vcxproj -> D:\My file\Github\Monopoly\Monopoly\x64\Debug\Monopoly.exe
